2024-08-25 22:16:07,576:WARNING:
'cuml' is a soft dependency and not included in the pycaret installation. Please run: `pip install cuml` to install.
2024-08-25 22:16:07,576:WARNING:
'cuml' is a soft dependency and not included in the pycaret installation. Please run: `pip install cuml` to install.
2024-08-25 22:16:07,576:WARNING:
'cuml' is a soft dependency and not included in the pycaret installation. Please run: `pip install cuml` to install.
2024-08-25 22:16:07,576:WARNING:
'cuml' is a soft dependency and not included in the pycaret installation. Please run: `pip install cuml` to install.
2024-08-25 22:53:21,859:WARNING:
'cuml' is a soft dependency and not included in the pycaret installation. Please run: `pip install cuml` to install.
2024-08-25 22:53:21,859:WARNING:
'cuml' is a soft dependency and not included in the pycaret installation. Please run: `pip install cuml` to install.
2024-08-25 22:53:21,859:WARNING:
'cuml' is a soft dependency and not included in the pycaret installation. Please run: `pip install cuml` to install.
2024-08-25 22:53:21,859:WARNING:
'cuml' is a soft dependency and not included in the pycaret installation. Please run: `pip install cuml` to install.
2024-08-25 22:53:23,798:INFO:PyCaret ClassificationExperiment
2024-08-25 22:53:23,798:INFO:Logging name: clf-default-name
2024-08-25 22:53:23,798:INFO:ML Usecase: MLUsecase.CLASSIFICATION
2024-08-25 22:53:23,798:INFO:version 3.3.2
2024-08-25 22:53:23,798:INFO:Initializing setup()
2024-08-25 22:53:23,798:INFO:self.USI: b9f0
2024-08-25 22:53:23,798:INFO:self._variable_keys: {'y', 'html_param', 'idx', 'USI', 'fold_generator', 'memory', 'y_test', 'y_train', 'gpu_n_jobs_param', 'is_multiclass', 'seed', '_ml_usecase', 'exp_name_log', 'X_test', 'log_plots_param', 'gpu_param', 'X', 'exp_id', '_available_plots', 'target_param', 'pipeline', 'fold_shuffle_param', 'n_jobs_param', 'fix_imbalance', 'logging_param', 'fold_groups_param', 'X_train', 'data'}
2024-08-25 22:53:23,798:INFO:Checking environment
2024-08-25 22:53:23,798:INFO:python_version: 3.11.0
2024-08-25 22:53:23,798:INFO:python_build: ('main', 'Oct 24 2022 18:26:48')
2024-08-25 22:53:23,798:INFO:machine: AMD64
2024-08-25 22:53:23,805:INFO:platform: Windows-10-10.0.22631-SP0
2024-08-25 22:53:23,809:INFO:Memory: svmem(total=34029162496, available=11566940160, percent=66.0, used=22462222336, free=11566940160)
2024-08-25 22:53:23,810:INFO:Physical Core: 16
2024-08-25 22:53:23,810:INFO:Logical Core: 24
2024-08-25 22:53:23,810:INFO:Checking libraries
2024-08-25 22:53:23,810:INFO:System:
2024-08-25 22:53:23,810:INFO:    python: 3.11.0 (main, Oct 24 2022, 18:26:48) [MSC v.1933 64 bit (AMD64)]
2024-08-25 22:53:23,810:INFO:executable: c:\Program Files\Python311\python.exe
2024-08-25 22:53:23,810:INFO:   machine: Windows-10-10.0.22631-SP0
2024-08-25 22:53:23,810:INFO:PyCaret required dependencies:
2024-08-25 22:53:24,896:INFO:                 pip: 24.2
2024-08-25 22:53:24,896:INFO:          setuptools: 73.0.1
2024-08-25 22:53:24,896:INFO:             pycaret: 3.3.2
2024-08-25 22:53:24,896:INFO:             IPython: 8.26.0
2024-08-25 22:53:24,896:INFO:          ipywidgets: 8.1.5
2024-08-25 22:53:24,896:INFO:                tqdm: 4.66.5
2024-08-25 22:53:24,896:INFO:               numpy: 1.26.4
2024-08-25 22:53:24,896:INFO:              pandas: 2.1.4
2024-08-25 22:53:24,896:INFO:              jinja2: 3.1.4
2024-08-25 22:53:24,896:INFO:               scipy: 1.11.4
2024-08-25 22:53:24,896:INFO:              joblib: 1.3.2
2024-08-25 22:53:24,896:INFO:             sklearn: 1.4.2
2024-08-25 22:53:24,896:INFO:                pyod: 2.0.1
2024-08-25 22:53:24,896:INFO:            imblearn: 0.12.3
2024-08-25 22:53:24,896:INFO:   category_encoders: 2.6.3
2024-08-25 22:53:24,896:INFO:            lightgbm: 4.5.0
2024-08-25 22:53:24,896:INFO:               numba: 0.60.0
2024-08-25 22:53:24,896:INFO:            requests: 2.32.3
2024-08-25 22:53:24,896:INFO:          matplotlib: 3.7.5
2024-08-25 22:53:24,896:INFO:          scikitplot: 0.3.7
2024-08-25 22:53:24,896:INFO:         yellowbrick: 1.5
2024-08-25 22:53:24,896:INFO:              plotly: 5.23.0
2024-08-25 22:53:24,896:INFO:    plotly-resampler: Not installed
2024-08-25 22:53:24,896:INFO:             kaleido: 0.2.1
2024-08-25 22:53:24,896:INFO:           schemdraw: 0.15
2024-08-25 22:53:24,896:INFO:         statsmodels: 0.14.2
2024-08-25 22:53:24,896:INFO:              sktime: 0.26.0
2024-08-25 22:53:24,896:INFO:               tbats: 1.1.3
2024-08-25 22:53:24,896:INFO:            pmdarima: 2.0.4
2024-08-25 22:53:24,896:INFO:              psutil: 6.0.0
2024-08-25 22:53:24,897:INFO:          markupsafe: 2.1.5
2024-08-25 22:53:24,897:INFO:             pickle5: Not installed
2024-08-25 22:53:24,897:INFO:         cloudpickle: 3.0.0
2024-08-25 22:53:24,897:INFO:         deprecation: 2.1.0
2024-08-25 22:53:24,897:INFO:              xxhash: 3.5.0
2024-08-25 22:53:24,897:INFO:           wurlitzer: Not installed
2024-08-25 22:53:24,897:INFO:PyCaret optional dependencies:
2024-08-25 22:53:26,968:INFO:                shap: 0.44.1
2024-08-25 22:53:26,968:INFO:           interpret: 0.6.3
2024-08-25 22:53:26,968:INFO:                umap: 0.5.6
2024-08-25 22:53:26,968:INFO:     ydata_profiling: 4.9.0
2024-08-25 22:53:26,968:INFO:  explainerdashboard: 0.4.7
2024-08-25 22:53:26,968:INFO:             autoviz: Not installed
2024-08-25 22:53:26,968:INFO:           fairlearn: 0.7.0
2024-08-25 22:53:26,968:INFO:          deepchecks: Not installed
2024-08-25 22:53:26,968:INFO:             xgboost: Not installed
2024-08-25 22:53:26,968:INFO:            catboost: 1.2.5
2024-08-25 22:53:26,968:INFO:              kmodes: 0.12.2
2024-08-25 22:53:26,968:INFO:             mlxtend: 0.23.1
2024-08-25 22:53:26,968:INFO:       statsforecast: 1.5.0
2024-08-25 22:53:26,968:INFO:        tune_sklearn: Not installed
2024-08-25 22:53:26,968:INFO:                 ray: Not installed
2024-08-25 22:53:26,968:INFO:            hyperopt: 0.2.7
2024-08-25 22:53:26,968:INFO:              optuna: 3.6.1
2024-08-25 22:53:26,968:INFO:               skopt: 0.10.2
2024-08-25 22:53:26,968:INFO:              mlflow: 2.15.1
2024-08-25 22:53:26,968:INFO:              gradio: 4.42.0
2024-08-25 22:53:26,968:INFO:             fastapi: 0.112.2
2024-08-25 22:53:26,968:INFO:             uvicorn: 0.30.6
2024-08-25 22:53:26,968:INFO:              m2cgen: 0.10.0
2024-08-25 22:53:26,968:INFO:           evidently: 0.4.36
2024-08-25 22:53:26,968:INFO:               fugue: 0.8.7
2024-08-25 22:53:26,968:INFO:           streamlit: Not installed
2024-08-25 22:53:26,968:INFO:             prophet: Not installed
2024-08-25 22:53:26,968:INFO:None
2024-08-25 22:53:26,968:INFO:Set up data.
2024-08-25 22:53:26,968:INFO:Set up folding strategy.
2024-08-25 22:53:26,968:INFO:Set up train/test split.
2024-08-25 22:53:26,968:INFO:Set up index.
2024-08-25 22:53:26,968:INFO:Assigning column types.
2024-08-25 22:53:26,968:INFO:Engine successfully changes for model 'lr' to 'sklearn'.
2024-08-25 22:53:26,993:INFO:Engine for model 'knn' has not been set explicitly, hence returning None.
2024-08-25 22:53:26,993:INFO:Engine for model 'rbfsvm' has not been set explicitly, hence returning None.
2024-08-25 22:53:27,016:WARNING:
'xgboost' is a soft dependency and not included in the pycaret installation. Please run: `pip install xgboost` to install.
Alternately, you can install this by running `pip install pycaret[models]`
2024-08-25 22:53:27,016:INFO:Soft dependency imported: catboost: 1.2.5
2024-08-25 22:53:27,745:INFO:Engine for model 'knn' has not been set explicitly, hence returning None.
2024-08-25 22:53:27,745:INFO:Engine for model 'rbfsvm' has not been set explicitly, hence returning None.
2024-08-25 22:53:27,757:WARNING:
'xgboost' is a soft dependency and not included in the pycaret installation. Please run: `pip install xgboost` to install.
Alternately, you can install this by running `pip install pycaret[models]`
2024-08-25 22:53:27,757:INFO:Soft dependency imported: catboost: 1.2.5
2024-08-25 22:53:27,757:INFO:Engine successfully changes for model 'knn' to 'sklearn'.
2024-08-25 22:53:27,782:INFO:Engine for model 'rbfsvm' has not been set explicitly, hence returning None.
2024-08-25 22:53:27,794:WARNING:
'xgboost' is a soft dependency and not included in the pycaret installation. Please run: `pip install xgboost` to install.
Alternately, you can install this by running `pip install pycaret[models]`
2024-08-25 22:53:27,794:INFO:Soft dependency imported: catboost: 1.2.5
2024-08-25 22:53:27,818:INFO:Engine for model 'rbfsvm' has not been set explicitly, hence returning None.
2024-08-25 22:53:27,830:WARNING:
'xgboost' is a soft dependency and not included in the pycaret installation. Please run: `pip install xgboost` to install.
Alternately, you can install this by running `pip install pycaret[models]`
2024-08-25 22:53:27,830:INFO:Soft dependency imported: catboost: 1.2.5
2024-08-25 22:53:27,830:INFO:Engine successfully changes for model 'rbfsvm' to 'sklearn'.
2024-08-25 22:53:27,866:WARNING:
'xgboost' is a soft dependency and not included in the pycaret installation. Please run: `pip install xgboost` to install.
Alternately, you can install this by running `pip install pycaret[models]`
2024-08-25 22:53:27,866:INFO:Soft dependency imported: catboost: 1.2.5
2024-08-25 22:53:27,890:WARNING:
'xgboost' is a soft dependency and not included in the pycaret installation. Please run: `pip install xgboost` to install.
Alternately, you can install this by running `pip install pycaret[models]`
2024-08-25 22:53:27,890:INFO:Soft dependency imported: catboost: 1.2.5
2024-08-25 22:53:27,902:INFO:Preparing preprocessing pipeline...
2024-08-25 22:53:27,902:INFO:Set up simple imputation.
2024-08-25 22:53:27,902:INFO:Finished creating preprocessing pipeline.
2024-08-25 22:53:27,914:INFO:Pipeline: Pipeline(memory=FastMemory(location=C:\Users\user0\AppData\Local\Temp\joblib),
         steps=[('numerical_imputer',
                 TransformerWrapper(exclude=None,
                                    include=['age', 'cp', 'trtbps', 'chol',
                                             'fbs', 'rest_ecg', 'thalachh',
                                             'oldpeak', 'slp', 'caa', 'thall',
                                             'exng'],
                                    transformer=SimpleImputer(add_indicator=False,
                                                              copy=True,
                                                              fill_value=None,
                                                              keep_empty_features=False,
                                                              missing_values=nan,
                                                              strategy='mean'))),
                ('categorical_imputer',
                 TransformerWrapper(exclude=None, include=[],
                                    transformer=SimpleImputer(add_indicator=False,
                                                              copy=True,
                                                              fill_value=None,
                                                              keep_empty_features=False,
                                                              missing_values=nan,
                                                              strategy='most_frequent')))],
         verbose=False)
2024-08-25 22:53:27,914:INFO:Creating final display dataframe.
2024-08-25 22:53:27,938:INFO:Setup _display_container:                     Description             Value
0                    Session id               123
1                        Target            output
2                   Target type            Binary
3           Original data shape         (303, 14)
4        Transformed data shape         (303, 13)
5   Transformed train set shape         (212, 13)
6    Transformed test set shape          (91, 13)
7               Ignore features                 1
8              Numeric features                12
9                    Preprocess              True
10              Imputation type            simple
11           Numeric imputation              mean
12       Categorical imputation              mode
13               Fold Generator   StratifiedKFold
14                  Fold Number                10
15                     CPU Jobs                -1
16                      Use GPU             False
17               Log Experiment             False
18              Experiment Name  clf-default-name
19                          USI              b9f0
2024-08-25 22:53:27,983:WARNING:
'xgboost' is a soft dependency and not included in the pycaret installation. Please run: `pip install xgboost` to install.
Alternately, you can install this by running `pip install pycaret[models]`
2024-08-25 22:53:27,984:INFO:Soft dependency imported: catboost: 1.2.5
2024-08-25 22:53:28,021:WARNING:
'xgboost' is a soft dependency and not included in the pycaret installation. Please run: `pip install xgboost` to install.
Alternately, you can install this by running `pip install pycaret[models]`
2024-08-25 22:53:28,021:INFO:Soft dependency imported: catboost: 1.2.5
2024-08-25 22:53:28,022:INFO:setup() successfully completed in 4.22s...............
2024-08-25 23:07:02,158:WARNING:
'cuml' is a soft dependency and not included in the pycaret installation. Please run: `pip install cuml` to install.
2024-08-25 23:07:02,158:WARNING:
'cuml' is a soft dependency and not included in the pycaret installation. Please run: `pip install cuml` to install.
2024-08-25 23:07:02,158:WARNING:
'cuml' is a soft dependency and not included in the pycaret installation. Please run: `pip install cuml` to install.
2024-08-25 23:07:02,158:WARNING:
'cuml' is a soft dependency and not included in the pycaret installation. Please run: `pip install cuml` to install.
2024-08-25 23:07:03,366:INFO:PyCaret ClassificationExperiment
2024-08-25 23:07:03,366:INFO:Logging name: clf-default-name
2024-08-25 23:07:03,366:INFO:ML Usecase: MLUsecase.CLASSIFICATION
2024-08-25 23:07:03,366:INFO:version 3.3.2
2024-08-25 23:07:03,366:INFO:Initializing setup()
2024-08-25 23:07:03,366:INFO:self.USI: 4534
2024-08-25 23:07:03,366:INFO:self._variable_keys: {'_available_plots', 'y', 'y_train', 'idx', 'exp_id', 'data', 'gpu_param', 'html_param', 'memory', '_ml_usecase', 'is_multiclass', 'pipeline', 'seed', 'X_train', 'fold_generator', 'target_param', 'X_test', 'y_test', 'fold_groups_param', 'gpu_n_jobs_param', 'X', 'logging_param', 'USI', 'n_jobs_param', 'exp_name_log', 'fold_shuffle_param', 'fix_imbalance', 'log_plots_param'}
2024-08-25 23:07:03,366:INFO:Checking environment
2024-08-25 23:07:03,366:INFO:python_version: 3.11.0
2024-08-25 23:07:03,366:INFO:python_build: ('main', 'Oct 24 2022 18:26:48')
2024-08-25 23:07:03,366:INFO:machine: AMD64
2024-08-25 23:07:03,375:INFO:platform: Windows-10-10.0.22631-SP0
2024-08-25 23:07:03,375:INFO:Memory: svmem(total=34029162496, available=12076507136, percent=64.5, used=21952655360, free=12076507136)
2024-08-25 23:07:03,375:INFO:Physical Core: 16
2024-08-25 23:07:03,375:INFO:Logical Core: 24
2024-08-25 23:07:03,375:INFO:Checking libraries
2024-08-25 23:07:03,375:INFO:System:
2024-08-25 23:07:03,375:INFO:    python: 3.11.0 (main, Oct 24 2022, 18:26:48) [MSC v.1933 64 bit (AMD64)]
2024-08-25 23:07:03,375:INFO:executable: c:\Program Files\Python311\python.exe
2024-08-25 23:07:03,375:INFO:   machine: Windows-10-10.0.22631-SP0
2024-08-25 23:07:03,375:INFO:PyCaret required dependencies:
2024-08-25 23:07:03,813:INFO:                 pip: 24.2
2024-08-25 23:07:03,813:INFO:          setuptools: 73.0.1
2024-08-25 23:07:03,813:INFO:             pycaret: 3.3.2
2024-08-25 23:07:03,813:INFO:             IPython: 8.26.0
2024-08-25 23:07:03,813:INFO:          ipywidgets: 8.1.5
2024-08-25 23:07:03,813:INFO:                tqdm: 4.66.5
2024-08-25 23:07:03,813:INFO:               numpy: 1.26.4
2024-08-25 23:07:03,813:INFO:              pandas: 2.1.4
2024-08-25 23:07:03,813:INFO:              jinja2: 3.1.4
2024-08-25 23:07:03,813:INFO:               scipy: 1.11.4
2024-08-25 23:07:03,813:INFO:              joblib: 1.3.2
2024-08-25 23:07:03,813:INFO:             sklearn: 1.4.2
2024-08-25 23:07:03,813:INFO:                pyod: 2.0.1
2024-08-25 23:07:03,813:INFO:            imblearn: 0.12.3
2024-08-25 23:07:03,813:INFO:   category_encoders: 2.6.3
2024-08-25 23:07:03,813:INFO:            lightgbm: 4.5.0
2024-08-25 23:07:03,813:INFO:               numba: 0.60.0
2024-08-25 23:07:03,813:INFO:            requests: 2.32.3
2024-08-25 23:07:03,813:INFO:          matplotlib: 3.7.0
2024-08-25 23:07:03,813:INFO:          scikitplot: 0.3.7
2024-08-25 23:07:03,813:INFO:         yellowbrick: 1.5
2024-08-25 23:07:03,813:INFO:              plotly: 5.23.0
2024-08-25 23:07:03,813:INFO:    plotly-resampler: Not installed
2024-08-25 23:07:03,813:INFO:             kaleido: 0.2.1
2024-08-25 23:07:03,813:INFO:           schemdraw: 0.15
2024-08-25 23:07:03,813:INFO:         statsmodels: 0.14.2
2024-08-25 23:07:03,813:INFO:              sktime: 0.26.0
2024-08-25 23:07:03,813:INFO:               tbats: 1.1.3
2024-08-25 23:07:03,813:INFO:            pmdarima: 2.0.4
2024-08-25 23:07:03,813:INFO:              psutil: 6.0.0
2024-08-25 23:07:03,820:INFO:          markupsafe: 2.1.5
2024-08-25 23:07:03,820:INFO:             pickle5: Not installed
2024-08-25 23:07:03,820:INFO:         cloudpickle: 3.0.0
2024-08-25 23:07:03,820:INFO:         deprecation: 2.1.0
2024-08-25 23:07:03,820:INFO:              xxhash: 3.5.0
2024-08-25 23:07:03,820:INFO:           wurlitzer: Not installed
2024-08-25 23:07:03,820:INFO:PyCaret optional dependencies:
2024-08-25 23:07:04,949:INFO:                shap: 0.44.1
2024-08-25 23:07:04,949:INFO:           interpret: 0.6.3
2024-08-25 23:07:04,949:INFO:                umap: 0.5.6
2024-08-25 23:07:04,949:INFO:     ydata_profiling: 4.9.0
2024-08-25 23:07:04,949:INFO:  explainerdashboard: 0.4.7
2024-08-25 23:07:04,949:INFO:             autoviz: Not installed
2024-08-25 23:07:04,949:INFO:           fairlearn: 0.7.0
2024-08-25 23:07:04,949:INFO:          deepchecks: Not installed
2024-08-25 23:07:04,964:INFO:             xgboost: Not installed
2024-08-25 23:07:04,964:INFO:            catboost: 1.2.5
2024-08-25 23:07:04,964:INFO:              kmodes: 0.12.2
2024-08-25 23:07:04,964:INFO:             mlxtend: 0.23.1
2024-08-25 23:07:04,964:INFO:       statsforecast: 1.5.0
2024-08-25 23:07:04,964:INFO:        tune_sklearn: Not installed
2024-08-25 23:07:04,964:INFO:                 ray: Not installed
2024-08-25 23:07:04,964:INFO:            hyperopt: 0.2.7
2024-08-25 23:07:04,964:INFO:              optuna: 3.6.1
2024-08-25 23:07:04,964:INFO:               skopt: 0.10.2
2024-08-25 23:07:04,964:INFO:              mlflow: 2.15.1
2024-08-25 23:07:04,964:INFO:              gradio: 4.42.0
2024-08-25 23:07:04,964:INFO:             fastapi: 0.112.2
2024-08-25 23:07:04,964:INFO:             uvicorn: 0.30.6
2024-08-25 23:07:04,964:INFO:              m2cgen: 0.10.0
2024-08-25 23:07:04,964:INFO:           evidently: 0.4.36
2024-08-25 23:07:04,964:INFO:               fugue: 0.8.7
2024-08-25 23:07:04,964:INFO:           streamlit: Not installed
2024-08-25 23:07:04,964:INFO:             prophet: Not installed
2024-08-25 23:07:04,964:INFO:None
2024-08-25 23:07:04,964:INFO:Set up data.
2024-08-25 23:07:04,964:INFO:Set up folding strategy.
2024-08-25 23:07:04,964:INFO:Set up train/test split.
2024-08-25 23:07:04,964:INFO:Set up index.
2024-08-25 23:07:04,964:INFO:Assigning column types.
2024-08-25 23:07:04,964:INFO:Engine successfully changes for model 'lr' to 'sklearn'.
2024-08-25 23:07:04,980:INFO:Engine for model 'knn' has not been set explicitly, hence returning None.
2024-08-25 23:07:04,980:INFO:Engine for model 'rbfsvm' has not been set explicitly, hence returning None.
2024-08-25 23:07:05,012:WARNING:
'xgboost' is a soft dependency and not included in the pycaret installation. Please run: `pip install xgboost` to install.
Alternately, you can install this by running `pip install pycaret[models]`
2024-08-25 23:07:05,012:INFO:Soft dependency imported: catboost: 1.2.5
2024-08-25 23:07:05,043:INFO:Engine for model 'knn' has not been set explicitly, hence returning None.
2024-08-25 23:07:05,043:INFO:Engine for model 'rbfsvm' has not been set explicitly, hence returning None.
2024-08-25 23:07:05,075:WARNING:
'xgboost' is a soft dependency and not included in the pycaret installation. Please run: `pip install xgboost` to install.
Alternately, you can install this by running `pip install pycaret[models]`
2024-08-25 23:07:05,075:INFO:Soft dependency imported: catboost: 1.2.5
2024-08-25 23:07:05,075:INFO:Engine successfully changes for model 'knn' to 'sklearn'.
2024-08-25 23:07:05,090:INFO:Engine for model 'rbfsvm' has not been set explicitly, hence returning None.
2024-08-25 23:07:05,106:WARNING:
'xgboost' is a soft dependency and not included in the pycaret installation. Please run: `pip install xgboost` to install.
Alternately, you can install this by running `pip install pycaret[models]`
2024-08-25 23:07:05,106:INFO:Soft dependency imported: catboost: 1.2.5
2024-08-25 23:07:05,121:INFO:Engine for model 'rbfsvm' has not been set explicitly, hence returning None.
2024-08-25 23:07:05,146:WARNING:
'xgboost' is a soft dependency and not included in the pycaret installation. Please run: `pip install xgboost` to install.
Alternately, you can install this by running `pip install pycaret[models]`
2024-08-25 23:07:05,146:INFO:Soft dependency imported: catboost: 1.2.5
2024-08-25 23:07:05,146:INFO:Engine successfully changes for model 'rbfsvm' to 'sklearn'.
2024-08-25 23:07:05,190:WARNING:
'xgboost' is a soft dependency and not included in the pycaret installation. Please run: `pip install xgboost` to install.
Alternately, you can install this by running `pip install pycaret[models]`
2024-08-25 23:07:05,190:INFO:Soft dependency imported: catboost: 1.2.5
2024-08-25 23:07:05,224:WARNING:
'xgboost' is a soft dependency and not included in the pycaret installation. Please run: `pip install xgboost` to install.
Alternately, you can install this by running `pip install pycaret[models]`
2024-08-25 23:07:05,224:INFO:Soft dependency imported: catboost: 1.2.5
2024-08-25 23:07:05,224:INFO:Preparing preprocessing pipeline...
2024-08-25 23:07:05,224:INFO:Set up simple imputation.
2024-08-25 23:07:05,264:INFO:Finished creating preprocessing pipeline.
2024-08-25 23:07:05,266:INFO:Pipeline: Pipeline(memory=FastMemory(location=C:\Users\user0\AppData\Local\Temp\joblib),
         steps=[('numerical_imputer',
                 TransformerWrapper(exclude=None,
                                    include=['age', 'cp', 'trtbps', 'chol',
                                             'fbs', 'rest_ecg', 'thalachh',
                                             'oldpeak', 'slp', 'caa', 'thall',
                                             'exng'],
                                    transformer=SimpleImputer(add_indicator=False,
                                                              copy=True,
                                                              fill_value=None,
                                                              keep_empty_features=False,
                                                              missing_values=nan,
                                                              strategy='mean'))),
                ('categorical_imputer',
                 TransformerWrapper(exclude=None, include=[],
                                    transformer=SimpleImputer(add_indicator=False,
                                                              copy=True,
                                                              fill_value=None,
                                                              keep_empty_features=False,
                                                              missing_values=nan,
                                                              strategy='most_frequent')))],
         verbose=False)
2024-08-25 23:07:05,266:INFO:Creating final display dataframe.
2024-08-25 23:07:05,308:INFO:Setup _display_container:                     Description             Value
0                    Session id               123
1                        Target            output
2                   Target type            Binary
3           Original data shape         (303, 14)
4        Transformed data shape         (303, 13)
5   Transformed train set shape         (212, 13)
6    Transformed test set shape          (91, 13)
7               Ignore features                 1
8              Numeric features                12
9                    Preprocess              True
10              Imputation type            simple
11           Numeric imputation              mean
12       Categorical imputation              mode
13               Fold Generator   StratifiedKFold
14                  Fold Number                10
15                     CPU Jobs                -1
16                      Use GPU             False
17               Log Experiment             False
18              Experiment Name  clf-default-name
19                          USI              4534
2024-08-25 23:07:05,348:WARNING:
'xgboost' is a soft dependency and not included in the pycaret installation. Please run: `pip install xgboost` to install.
Alternately, you can install this by running `pip install pycaret[models]`
2024-08-25 23:07:05,348:INFO:Soft dependency imported: catboost: 1.2.5
2024-08-25 23:07:05,376:WARNING:
'xgboost' is a soft dependency and not included in the pycaret installation. Please run: `pip install xgboost` to install.
Alternately, you can install this by running `pip install pycaret[models]`
2024-08-25 23:07:05,376:INFO:Soft dependency imported: catboost: 1.2.5
2024-08-25 23:07:05,376:INFO:setup() successfully completed in 2.01s...............
2024-08-25 23:07:28,508:WARNING:
'cuml' is a soft dependency and not included in the pycaret installation. Please run: `pip install cuml` to install.
2024-08-25 23:07:28,508:WARNING:
'cuml' is a soft dependency and not included in the pycaret installation. Please run: `pip install cuml` to install.
2024-08-25 23:07:28,508:WARNING:
'cuml' is a soft dependency and not included in the pycaret installation. Please run: `pip install cuml` to install.
2024-08-25 23:07:28,508:WARNING:
'cuml' is a soft dependency and not included in the pycaret installation. Please run: `pip install cuml` to install.
2024-08-25 23:07:37,874:INFO:PyCaret ClassificationExperiment
2024-08-25 23:07:37,874:INFO:Logging name: clf-default-name
2024-08-25 23:07:37,874:INFO:ML Usecase: MLUsecase.CLASSIFICATION
2024-08-25 23:07:37,874:INFO:version 3.3.2
2024-08-25 23:07:37,874:INFO:Initializing setup()
2024-08-25 23:07:37,874:INFO:self.USI: 396e
2024-08-25 23:07:37,874:INFO:self._variable_keys: {'USI', 'html_param', 'X', 'target_param', 'fix_imbalance', 'fold_groups_param', 'y_train', 'gpu_n_jobs_param', 'fold_generator', 'pipeline', 'idx', 'y_test', 'X_test', 'seed', 'log_plots_param', 'fold_shuffle_param', 'n_jobs_param', 'gpu_param', 'X_train', 'data', 'exp_id', 'exp_name_log', 'y', 'is_multiclass', 'memory', 'logging_param', '_available_plots', '_ml_usecase'}
2024-08-25 23:07:37,874:INFO:Checking environment
2024-08-25 23:07:37,874:INFO:python_version: 3.11.0
2024-08-25 23:07:37,874:INFO:python_build: ('main', 'Oct 24 2022 18:26:48')
2024-08-25 23:07:37,874:INFO:machine: AMD64
2024-08-25 23:07:37,874:INFO:platform: Windows-10-10.0.22631-SP0
2024-08-25 23:07:37,890:INFO:Memory: svmem(total=34029162496, available=11919994880, percent=65.0, used=22109167616, free=11919994880)
2024-08-25 23:07:37,890:INFO:Physical Core: 16
2024-08-25 23:07:37,890:INFO:Logical Core: 24
2024-08-25 23:07:37,890:INFO:Checking libraries
2024-08-25 23:07:37,891:INFO:System:
2024-08-25 23:07:37,891:INFO:    python: 3.11.0 (main, Oct 24 2022, 18:26:48) [MSC v.1933 64 bit (AMD64)]
2024-08-25 23:07:37,891:INFO:executable: c:\Program Files\Python311\python.exe
2024-08-25 23:07:37,891:INFO:   machine: Windows-10-10.0.22631-SP0
2024-08-25 23:07:37,891:INFO:PyCaret required dependencies:
2024-08-25 23:07:38,764:INFO:                 pip: 24.2
2024-08-25 23:07:38,764:INFO:          setuptools: 73.0.1
2024-08-25 23:07:38,764:INFO:             pycaret: 3.3.2
2024-08-25 23:07:38,764:INFO:             IPython: 8.26.0
2024-08-25 23:07:38,764:INFO:          ipywidgets: 8.1.5
2024-08-25 23:07:38,764:INFO:                tqdm: 4.66.5
2024-08-25 23:07:38,764:INFO:               numpy: 1.26.4
2024-08-25 23:07:38,764:INFO:              pandas: 2.1.4
2024-08-25 23:07:38,764:INFO:              jinja2: 3.1.4
2024-08-25 23:07:38,764:INFO:               scipy: 1.11.4
2024-08-25 23:07:38,764:INFO:              joblib: 1.3.2
2024-08-25 23:07:38,764:INFO:             sklearn: 1.4.2
2024-08-25 23:07:38,764:INFO:                pyod: 2.0.1
2024-08-25 23:07:38,764:INFO:            imblearn: 0.12.3
2024-08-25 23:07:38,764:INFO:   category_encoders: 2.6.3
2024-08-25 23:07:38,764:INFO:            lightgbm: 4.5.0
2024-08-25 23:07:38,764:INFO:               numba: 0.60.0
2024-08-25 23:07:38,764:INFO:            requests: 2.32.3
2024-08-25 23:07:38,764:INFO:          matplotlib: 3.7.0
2024-08-25 23:07:38,764:INFO:          scikitplot: 0.3.7
2024-08-25 23:07:38,764:INFO:         yellowbrick: 1.5
2024-08-25 23:07:38,764:INFO:              plotly: 5.23.0
2024-08-25 23:07:38,764:INFO:    plotly-resampler: Not installed
2024-08-25 23:07:38,764:INFO:             kaleido: 0.2.1
2024-08-25 23:07:38,764:INFO:           schemdraw: 0.15
2024-08-25 23:07:38,764:INFO:         statsmodels: 0.14.2
2024-08-25 23:07:38,764:INFO:              sktime: 0.26.0
2024-08-25 23:07:38,764:INFO:               tbats: 1.1.3
2024-08-25 23:07:38,764:INFO:            pmdarima: 2.0.4
2024-08-25 23:07:38,764:INFO:              psutil: 6.0.0
2024-08-25 23:07:38,764:INFO:          markupsafe: 2.1.5
2024-08-25 23:07:38,764:INFO:             pickle5: Not installed
2024-08-25 23:07:38,764:INFO:         cloudpickle: 3.0.0
2024-08-25 23:07:38,764:INFO:         deprecation: 2.1.0
2024-08-25 23:07:38,764:INFO:              xxhash: 3.5.0
2024-08-25 23:07:38,764:INFO:           wurlitzer: Not installed
2024-08-25 23:07:38,764:INFO:PyCaret optional dependencies:
2024-08-25 23:07:41,058:INFO:                shap: 0.44.1
2024-08-25 23:07:41,058:INFO:           interpret: 0.6.3
2024-08-25 23:07:41,058:INFO:                umap: 0.5.6
2024-08-25 23:07:41,058:INFO:     ydata_profiling: 4.9.0
2024-08-25 23:07:41,058:INFO:  explainerdashboard: 0.4.7
2024-08-25 23:07:41,058:INFO:             autoviz: Not installed
2024-08-25 23:07:41,058:INFO:           fairlearn: 0.7.0
2024-08-25 23:07:41,058:INFO:          deepchecks: Not installed
2024-08-25 23:07:41,058:INFO:             xgboost: Not installed
2024-08-25 23:07:41,058:INFO:            catboost: 1.2.5
2024-08-25 23:07:41,058:INFO:              kmodes: 0.12.2
2024-08-25 23:07:41,058:INFO:             mlxtend: 0.23.1
2024-08-25 23:07:41,058:INFO:       statsforecast: 1.5.0
2024-08-25 23:07:41,058:INFO:        tune_sklearn: Not installed
2024-08-25 23:07:41,058:INFO:                 ray: Not installed
2024-08-25 23:07:41,058:INFO:            hyperopt: 0.2.7
2024-08-25 23:07:41,074:INFO:              optuna: 3.6.1
2024-08-25 23:07:41,074:INFO:               skopt: 0.10.2
2024-08-25 23:07:41,074:INFO:              mlflow: 2.15.1
2024-08-25 23:07:41,074:INFO:              gradio: 4.42.0
2024-08-25 23:07:41,074:INFO:             fastapi: 0.112.2
2024-08-25 23:07:41,074:INFO:             uvicorn: 0.30.6
2024-08-25 23:07:41,074:INFO:              m2cgen: 0.10.0
2024-08-25 23:07:41,074:INFO:           evidently: 0.4.36
2024-08-25 23:07:41,074:INFO:               fugue: 0.8.7
2024-08-25 23:07:41,074:INFO:           streamlit: Not installed
2024-08-25 23:07:41,074:INFO:             prophet: Not installed
2024-08-25 23:07:41,074:INFO:None
2024-08-25 23:07:41,074:INFO:Set up data.
2024-08-25 23:07:41,074:INFO:Set up folding strategy.
2024-08-25 23:07:41,074:INFO:Set up train/test split.
2024-08-25 23:07:41,074:INFO:Set up index.
2024-08-25 23:07:41,074:INFO:Assigning column types.
2024-08-25 23:07:41,074:INFO:Engine successfully changes for model 'lr' to 'sklearn'.
2024-08-25 23:07:41,105:INFO:Engine for model 'knn' has not been set explicitly, hence returning None.
2024-08-25 23:07:41,105:INFO:Engine for model 'rbfsvm' has not been set explicitly, hence returning None.
2024-08-25 23:07:41,137:WARNING:
'xgboost' is a soft dependency and not included in the pycaret installation. Please run: `pip install xgboost` to install.
Alternately, you can install this by running `pip install pycaret[models]`
2024-08-25 23:07:41,137:INFO:Soft dependency imported: catboost: 1.2.5
2024-08-25 23:07:41,185:INFO:Engine for model 'knn' has not been set explicitly, hence returning None.
2024-08-25 23:07:41,185:INFO:Engine for model 'rbfsvm' has not been set explicitly, hence returning None.
2024-08-25 23:07:41,201:WARNING:
'xgboost' is a soft dependency and not included in the pycaret installation. Please run: `pip install xgboost` to install.
Alternately, you can install this by running `pip install pycaret[models]`
2024-08-25 23:07:41,201:INFO:Soft dependency imported: catboost: 1.2.5
2024-08-25 23:07:41,201:INFO:Engine successfully changes for model 'knn' to 'sklearn'.
2024-08-25 23:07:41,232:INFO:Engine for model 'rbfsvm' has not been set explicitly, hence returning None.
2024-08-25 23:07:41,240:WARNING:
'xgboost' is a soft dependency and not included in the pycaret installation. Please run: `pip install xgboost` to install.
Alternately, you can install this by running `pip install pycaret[models]`
2024-08-25 23:07:41,240:INFO:Soft dependency imported: catboost: 1.2.5
2024-08-25 23:07:41,273:INFO:Engine for model 'rbfsvm' has not been set explicitly, hence returning None.
2024-08-25 23:07:41,288:WARNING:
'xgboost' is a soft dependency and not included in the pycaret installation. Please run: `pip install xgboost` to install.
Alternately, you can install this by running `pip install pycaret[models]`
2024-08-25 23:07:41,288:INFO:Soft dependency imported: catboost: 1.2.5
2024-08-25 23:07:41,288:INFO:Engine successfully changes for model 'rbfsvm' to 'sklearn'.
2024-08-25 23:07:41,320:WARNING:
'xgboost' is a soft dependency and not included in the pycaret installation. Please run: `pip install xgboost` to install.
Alternately, you can install this by running `pip install pycaret[models]`
2024-08-25 23:07:41,320:INFO:Soft dependency imported: catboost: 1.2.5
2024-08-25 23:07:41,368:WARNING:
'xgboost' is a soft dependency and not included in the pycaret installation. Please run: `pip install xgboost` to install.
Alternately, you can install this by running `pip install pycaret[models]`
2024-08-25 23:07:41,368:INFO:Soft dependency imported: catboost: 1.2.5
2024-08-25 23:07:41,368:INFO:Preparing preprocessing pipeline...
2024-08-25 23:07:41,368:INFO:Set up simple imputation.
2024-08-25 23:07:41,399:INFO:Finished creating preprocessing pipeline.
2024-08-25 23:07:41,399:INFO:Pipeline: Pipeline(memory=FastMemory(location=C:\Users\user0\AppData\Local\Temp\joblib),
         steps=[('numerical_imputer',
                 TransformerWrapper(exclude=None,
                                    include=['age', 'cp', 'trtbps', 'chol',
                                             'fbs', 'rest_ecg', 'thalachh',
                                             'oldpeak', 'slp', 'caa', 'thall',
                                             'exng'],
                                    transformer=SimpleImputer(add_indicator=False,
                                                              copy=True,
                                                              fill_value=None,
                                                              keep_empty_features=False,
                                                              missing_values=nan,
                                                              strategy='mean'))),
                ('categorical_imputer',
                 TransformerWrapper(exclude=None, include=[],
                                    transformer=SimpleImputer(add_indicator=False,
                                                              copy=True,
                                                              fill_value=None,
                                                              keep_empty_features=False,
                                                              missing_values=nan,
                                                              strategy='most_frequent')))],
         verbose=False)
2024-08-25 23:07:41,399:INFO:Creating final display dataframe.
2024-08-25 23:07:41,493:INFO:Setup _display_container:                     Description             Value
0                    Session id               123
1                        Target            output
2                   Target type            Binary
3           Original data shape         (303, 14)
4        Transformed data shape         (303, 13)
5   Transformed train set shape         (212, 13)
6    Transformed test set shape          (91, 13)
7               Ignore features                 1
8              Numeric features                12
9                    Preprocess              True
10              Imputation type            simple
11           Numeric imputation              mean
12       Categorical imputation              mode
13               Fold Generator   StratifiedKFold
14                  Fold Number                10
15                     CPU Jobs                -1
16                      Use GPU             False
17               Log Experiment             False
18              Experiment Name  clf-default-name
19                          USI              396e
2024-08-25 23:07:41,557:WARNING:
'xgboost' is a soft dependency and not included in the pycaret installation. Please run: `pip install xgboost` to install.
Alternately, you can install this by running `pip install pycaret[models]`
2024-08-25 23:07:41,558:INFO:Soft dependency imported: catboost: 1.2.5
2024-08-25 23:07:41,600:WARNING:
'xgboost' is a soft dependency and not included in the pycaret installation. Please run: `pip install xgboost` to install.
Alternately, you can install this by running `pip install pycaret[models]`
2024-08-25 23:07:41,600:INFO:Soft dependency imported: catboost: 1.2.5
2024-08-25 23:07:41,602:INFO:setup() successfully completed in 3.73s...............
